<?xml version="1.0" encoding="UTF-8"?>
<!-- Generated by org.testng.reporters.JUnitXMLReporter -->
<testsuite hostname="DESKTOP-URPPT5A" name="Default test" tests="4" failures="0" timestamp="17 Jul 2018 12:49:50 GMT" time="0.064" errors="0">
  <testcase name="firstGroupMethodOne" time="0.008" classname="Testn.BeforeAndAfterClass"/>
  <testcase name="firstGroupMethodTwo" time="0.007" classname="Testn.BeforeAndAfterClass"/>
  <testcase name="secondGroupMethodOne" time="0.004" classname="Testn.BeforeAndAfterClass"/>
  <testcase name="secondGroupMethodTwo" time="0.003" classname="Testn.BeforeAndAfterClass"/>
</testsuite> <!-- Default test -->
