<?xml version="1.0" encoding="UTF-8"?>
<testng-results skipped="0" failed="0" total="4" passed="4">
  <reporter-output>
  </reporter-output>
  <suite name="Suite" duration-ms="167" started-at="2018-09-16T05:27:53Z" finished-at="2018-09-16T05:27:53Z">
    <groups>
    </groups>
    <test name="TestOne" duration-ms="46" started-at="2018-09-16T05:27:53Z" finished-at="2018-09-16T05:27:53Z">
      <class name="Testn.ParameterizedTestng">
        <test-method status="PASS" signature="Test1(java.lang.String)[pri:0, instance:Testn.ParameterizedTestng@7ca48474]" name="Test1" duration-ms="20" started-at="2018-09-16T10:57:53Z" finished-at="2018-09-16T10:57:53Z">
          <params>
            <param index="0">
              <value>
                <![CDATA[This is suite level param for Test3]]>
              </value>
            </param>
          </params>
          <reporter-output>
          </reporter-output>
        </test-method> <!-- Test1 -->
      </class> <!-- Testn.ParameterizedTestng -->
    </test> <!-- TestOne -->
    <test name="Testtwo" duration-ms="9" started-at="2018-09-16T05:27:53Z" finished-at="2018-09-16T05:27:53Z">
      <class name="Testn.ParameterizedTestng">
        <test-method status="PASS" signature="Test2(java.lang.String)[pri:0, instance:Testn.ParameterizedTestng@5dfcfece]" name="Test2" duration-ms="2" started-at="2018-09-16T10:57:53Z" finished-at="2018-09-16T10:57:53Z">
          <params>
            <param index="0">
              <value>
                <![CDATA[This is Test level param]]>
              </value>
            </param>
          </params>
          <reporter-output>
          </reporter-output>
        </test-method> <!-- Test2 -->
      </class> <!-- Testn.ParameterizedTestng -->
    </test> <!-- Testtwo -->
    <test name="Testthree" duration-ms="5" started-at="2018-09-16T05:27:53Z" finished-at="2018-09-16T05:27:53Z">
      <class name="Testn.ParameterizedTestng">
        <test-method status="PASS" signature="Test3(java.lang.String, java.lang.String)[pri:0, instance:Testn.ParameterizedTestng@643b1d11]" name="Test3" duration-ms="2" started-at="2018-09-16T10:57:53Z" finished-at="2018-09-16T10:57:53Z">
          <params>
            <param index="0">
              <value>
                <![CDATA[This is suite level param for Test3]]>
              </value>
            </param>
            <param index="1">
              <value>
                <![CDATA[This is Test level param for Test3]]>
              </value>
            </param>
          </params>
          <reporter-output>
          </reporter-output>
        </test-method> <!-- Test3 -->
      </class> <!-- Testn.ParameterizedTestng -->
    </test> <!-- Testthree -->
    <test name="Testfour" duration-ms="5" started-at="2018-09-16T05:27:53Z" finished-at="2018-09-16T05:27:53Z">
      <class name="Testn.ParameterizedTestng">
        <test-method status="PASS" signature="Test3(java.lang.String, java.lang.String)[pri:0, instance:Testn.ParameterizedTestng@51081592]" name="Test3" duration-ms="2" started-at="2018-09-16T10:57:53Z" finished-at="2018-09-16T10:57:53Z">
          <params>
            <param index="0">
              <value>
                <![CDATA[This is suite level param for Test3 which overrided]]>
              </value>
            </param>
            <param index="1">
              <value>
                <![CDATA[This is Test level param for Test3]]>
              </value>
            </param>
          </params>
          <reporter-output>
          </reporter-output>
        </test-method> <!-- Test3 -->
      </class> <!-- Testn.ParameterizedTestng -->
    </test> <!-- Testfour -->
  </suite> <!-- Suite -->
</testng-results>
