<?xml version="1.0" encoding="UTF-8"?>
<testng-results skipped="0" failed="0" total="1" passed="1">
  <reporter-output>
  </reporter-output>
  <suite name="Suite" duration-ms="22" started-at="2018-09-08T09:25:03Z" finished-at="2018-09-08T09:25:03Z">
    <groups>
    </groups>
    <test name="TestOne" duration-ms="22" started-at="2018-09-08T09:25:03Z" finished-at="2018-09-08T09:25:03Z">
      <class name="Testn.Testclass">
        <test-method status="PASS" signature="beforeSuite()[pri:0, instance:Testn.Testclass@337d0578]" name="beforeSuite" is-config="true" duration-ms="12" started-at="2018-09-08T14:55:03Z" finished-at="2018-09-08T14:55:03Z">
          <reporter-output>
          </reporter-output>
        </test-method> <!-- beforeSuite -->
        <test-method status="PASS" signature="beforeTest()[pri:0, instance:Testn.Testclass@337d0578]" name="beforeTest" is-config="true" duration-ms="0" started-at="2018-09-08T14:55:03Z" finished-at="2018-09-08T14:55:03Z">
          <reporter-output>
          </reporter-output>
        </test-method> <!-- beforeTest -->
        <test-method status="PASS" signature="beforeClass()[pri:0, instance:Testn.Testclass@337d0578]" name="beforeClass" is-config="true" duration-ms="0" started-at="2018-09-08T14:55:03Z" finished-at="2018-09-08T14:55:03Z">
          <reporter-output>
          </reporter-output>
        </test-method> <!-- beforeClass -->
        <test-method status="PASS" signature="beforeMethod()[pri:0, instance:Testn.Testclass@337d0578]" name="beforeMethod" is-config="true" duration-ms="0" started-at="2018-09-08T14:55:03Z" finished-at="2018-09-08T14:55:03Z">
          <reporter-output>
          </reporter-output>
        </test-method> <!-- beforeMethod -->
        <test-method status="PASS" signature="Test1()[pri:0, instance:Testn.Testclass@337d0578]" name="Test1" duration-ms="7" started-at="2018-09-08T14:55:03Z" finished-at="2018-09-08T14:55:03Z">
          <reporter-output>
          </reporter-output>
        </test-method> <!-- Test1 -->
        <test-method status="PASS" signature="afterClass()[pri:0, instance:Testn.Testclass@337d0578]" name="afterClass" is-config="true" duration-ms="1" started-at="2018-09-08T14:55:03Z" finished-at="2018-09-08T14:55:03Z">
          <reporter-output>
          </reporter-output>
        </test-method> <!-- afterClass -->
        <test-method status="PASS" signature="afterMethod()[pri:0, instance:Testn.Testclass@337d0578]" name="afterMethod" is-config="true" duration-ms="0" started-at="2018-09-08T14:55:03Z" finished-at="2018-09-08T14:55:03Z">
          <reporter-output>
          </reporter-output>
        </test-method> <!-- afterMethod -->
        <test-method status="PASS" signature="afterTest()[pri:0, instance:Testn.Testclass@337d0578]" name="afterTest" is-config="true" duration-ms="0" started-at="2018-09-08T14:55:03Z" finished-at="2018-09-08T14:55:03Z">
          <reporter-output>
          </reporter-output>
        </test-method> <!-- afterTest -->
        <test-method status="PASS" signature="afterSuite()[pri:0, instance:Testn.Testclass@337d0578]" name="afterSuite" is-config="true" duration-ms="0" started-at="2018-09-08T14:55:04Z" finished-at="2018-09-08T14:55:04Z">
          <reporter-output>
          </reporter-output>
        </test-method> <!-- afterSuite -->
      </class> <!-- Testn.Testclass -->
    </test> <!-- TestOne -->
  </suite> <!-- Suite -->
</testng-results>
